<?xml version='1.0' encoding='UTF-8'?>
<testsuite hostname="shashikant-Latitude-3520" name="com.knoldus.routes.session.NewSessionRoutesSpec" tests="34" errors="0" failures="0" skipped="0" time="1.986" timestamp="2022-08-05T11:34:41">
          <properties>
      <property name="awt.toolkit" value="sun.awt.X11.XToolkit"/><property name="java.specification.version" value="11"/><property name="sun.cpu.isalist" value=""/><property name="sun.jnu.encoding" value="UTF-8"/><property name="sun.arch.data.model" value="64"/><property name="java.vendor.url" value="https://ubuntu.com/"/><property name="sun.boot.library.path" value="/usr/lib/jvm/java-11-openjdk-amd64/lib"/><property name="sun.java.command" value="/home/shashikant/.cache/sbt/boot/sbt-launch/1.7.1/sbt-launch-1.7.1.jar clean coverage test"/><property name="jdk.debug" value="release"/><property name="java.specification.vendor" value="Oracle Corporation"/><property name="java.version.date" value="2022-07-19"/><property name="java.home" value="/usr/lib/jvm/java-11-openjdk-amd64"/><property name="file.separator" value="/"/><property name="java.vm.compressedOopsMode" value="32-bit"/><property name="line.separator" value="
"/><property name="java.specification.name" value="Java Platform API Specification"/><property name="java.vm.specification.vendor" value="Oracle Corporation"/><property name="sun.management.compiler" value="HotSpot 64-Bit Tiered Compilers"/><property name="java.runtime.version" value="11.0.16+8-post-Ubuntu-0ubuntu122.04"/><property name="user.name" value="shashikant"/><property name="log4j.ignoreTCL" value="true"/><property name="file.encoding" value="UTF-8"/><property name="jnidispatch.path" value="/home/shashikant/.cache/JNA/temp/jna15371066608801603318.tmp"/><property name="jna.loaded" value="true"/><property name="java.io.tmpdir" value="/tmp"/><property name="java.version" value="11.0.16"/><property name="java.vm.specification.name" value="Java Virtual Machine Specification"/><property name="java.awt.printerjob" value="sun.print.PSPrinterJob"/><property name="sun.os.patch.level" value="unknown"/><property name="java.library.path" value="/usr/java/packages/lib:/usr/lib/x86_64-linux-gnu/jni:/lib/x86_64-linux-gnu:/usr/lib/x86_64-linux-gnu:/usr/lib/jni:/lib:/usr/lib"/><property name="java.vendor" value="Ubuntu"/><property name="scala.ext.dirs" value="/home/shashikant/.sbt/1.0/java9-rt-ext-ubuntu_11_0_16"/><property name="sun.io.unicode.encoding" value="UnicodeLittle"/><property name="sun.desktop" value="gnome"/><property name="java.class.path" value="/home/shashikant/.cache/sbt/boot/sbt-launch/1.7.1/sbt-launch-1.7.1.jar"/><property name="java.vm.vendor" value="Ubuntu"/><property name="jline.shutdownhook" value="false"/><property name="user.timezone" value="Asia/Kolkata"/><property name="os.name" value="Linux"/><property name="java.vm.specification.version" value="11"/><property name="sun.java.launcher" value="SUN_STANDARD"/><property name="user.country" value="IN"/><property name="sun.cpu.endian" value="little"/><property name="user.home" value="/home/shashikant"/><property name="user.language" value="en"/><property name="sbt.script" value="/usr/bin/sbt"/><property name="swoval.tmpdir" value="/home/shashikant/.sbt/1.0"/><property name="java.awt.graphicsenv" value="sun.awt.X11GraphicsEnvironment"/><property name="jline.esc.timeout" value="0"/><property name="path.separator" value=":"/><property name="os.version" value="5.15.0-41-generic"/><property name="jna.nosys" value="true"/><property name="java.runtime.name" value="OpenJDK Runtime Environment"/><property name="java.vm.name" value="OpenJDK 64-Bit Server VM"/><property name="jna.platform.library.path" value="/usr/lib/x86_64-linux-gnu:/lib/x86_64-linux-gnu:/usr/lib64:/lib64:/usr/lib:/lib:/lib/i386-linux-gnu:/lib/i386-linux-gnu/sse2"/><property name="java.vendor.url.bug" value="https://bugs.launchpad.net/ubuntu/+source/openjdk-lts"/><property name="user.dir" value="/home/shashikant/Desktop/knolx-service"/><property name="os.arch" value="amd64"/><property name="java.vm.info" value="mixed mode, sharing"/><property name="java.vm.version" value="11.0.16+8-post-Ubuntu-0ubuntu122.04"/><property name="java.class.version" value="55.0"/>
    </properties>
          <testcase classname="com.knoldus.routes.session.NewSessionRoutesSpec" name="Get /sessions/manage endpoint should return sessions pending for approval when search is defined" time="0.379">
                      
                    </testcase><testcase classname="com.knoldus.routes.session.NewSessionRoutesSpec" name="Get /sessions/manage endpoint should return sessions pending for approval when search is not defined" time="0.092">
                      
                    </testcase><testcase classname="com.knoldus.routes.session.NewSessionRoutesSpec" name="Get /sessions/manage endpoint should return approved upcoming sessions when search is defined" time="0.053">
                      
                    </testcase><testcase classname="com.knoldus.routes.session.NewSessionRoutesSpec" name="Get /sessions/manage endpoint should return approved upcoming sessions when search is not defined" time="0.057">
                      
                    </testcase><testcase classname="com.knoldus.routes.session.NewSessionRoutesSpec" name="Get /sessions/manage endpoint should return 401 error for filter requested" time="0.05">
                      
                    </testcase><testcase classname="com.knoldus.routes.session.NewSessionRoutesSpec" name="Get /sessions/manage endpoint should return 401 error for filter upcoming" time="0.02">
                      
                    </testcase><testcase classname="com.knoldus.routes.session.NewSessionRoutesSpec" name="Get /sessions/tags endpoint should return matching tags" time="0.059">
                      
                    </testcase><testcase classname="com.knoldus.routes.session.NewSessionRoutesSpec" name="Get /sessions/tags endpoint should return error" time="0.063">
                      
                    </testcase><testcase classname="com.knoldus.routes.session.NewSessionRoutesSpec" name="Get /sessions/ endpoint should return upcoming sessions when search is defined" time="0.071">
                      
                    </testcase><testcase classname="com.knoldus.routes.session.NewSessionRoutesSpec" name="Get /sessions/ endpoint should return past sessions when search is defined" time="0.041">
                      
                    </testcase><testcase classname="com.knoldus.routes.session.NewSessionRoutesSpec" name="Get /sessions/ endpoint should return upcoming sessions when search is not defined" time="0.031">
                      
                    </testcase><testcase classname="com.knoldus.routes.session.NewSessionRoutesSpec" name="Get /sessions/ endpoint should return past sessions when search is not defined" time="0.067">
                      
                    </testcase><testcase classname="com.knoldus.routes.session.NewSessionRoutesSpec" name="Get /sessions/ endpoint should return error" time="0.031">
                      
                    </testcase><testcase classname="com.knoldus.routes.session.NewSessionRoutesSpec" name="Get /sessions/my endpoint should return user upcoming sessions" time="0.055">
                      
                    </testcase><testcase classname="com.knoldus.routes.session.NewSessionRoutesSpec" name="Get /sessions/my endpoint should return user past sessions" time="0.02">
                      
                    </testcase><testcase classname="com.knoldus.routes.session.NewSessionRoutesSpec" name="Get /sessions/my endpoint should return error" time="0.028">
                      
                    </testcase><testcase classname="com.knoldus.routes.session.NewSessionRoutesSpec" name="Get /sessions/bookSession endpoint should book session" time="0.08">
                      
                    </testcase><testcase classname="com.knoldus.routes.session.NewSessionRoutesSpec" name="Get /sessions/bookSession endpoint should mandatory field not found error" time="0.05">
                      
                    </testcase><testcase classname="com.knoldus.routes.session.NewSessionRoutesSpec" name="Get /sessions/bookSession endpoint should return error" time="0.072">
                      
                    </testcase><testcase classname="com.knoldus.routes.session.NewSessionRoutesSpec" name="Put sessions/update-session endpoint should return updated session" time="0.045">
                      
                    </testcase><testcase classname="com.knoldus.routes.session.NewSessionRoutesSpec" name="Put sessions/update-session endpoint should return error" time="0.075">
                      
                    </testcase><testcase classname="com.knoldus.routes.session.NewSessionRoutesSpec" name="Get /getSession endpoint should return session" time="0.07">
                      
                    </testcase><testcase classname="com.knoldus.routes.session.NewSessionRoutesSpec" name="Get /getSession endpoint should return error" time="0.058">
                      
                    </testcase><testcase classname="com.knoldus.routes.session.NewSessionRoutesSpec" name="Update the session for user should return the session with the updated details" time="0.105">
                      
                    </testcase><testcase classname="com.knoldus.routes.session.NewSessionRoutesSpec" name="Update the session for user should return the session with the single updated detail" time="0.027">
                      
                    </testcase><testcase classname="com.knoldus.routes.session.NewSessionRoutesSpec" name="Update the session for user should return the session with the two updated detail" time="0.049">
                      
                    </testcase><testcase classname="com.knoldus.routes.session.NewSessionRoutesSpec" name="Update the session for user should return error" time="0.055">
                      
                    </testcase><testcase classname="com.knoldus.routes.session.NewSessionRoutesSpec" name="Check Translate error for Access Denied  should return translate error" time="0.024">
                      
                    </testcase><testcase classname="com.knoldus.routes.session.NewSessionRoutesSpec" name="Check Translate error for InternalServerError  should return translate error" time="0.039">
                      
                    </testcase><testcase classname="com.knoldus.routes.session.NewSessionRoutesSpec" name="Check Translate error for Slot Not Found  should return translate error" time="0.05">
                      
                    </testcase><testcase classname="com.knoldus.routes.session.NewSessionRoutesSpec" name="Check Translate error for Slot Not Available  should return translate error" time="0.013">
                      
                    </testcase><testcase classname="com.knoldus.routes.session.NewSessionRoutesSpec" name="Check Translate error for Filter Not Found  should return translate error" time="0.015">
                      
                    </testcase><testcase classname="com.knoldus.routes.session.NewSessionRoutesSpec" name="Check Translate error for Not Found  should return translate error" time="0.017">
                      
                    </testcase><testcase classname="com.knoldus.routes.session.NewSessionRoutesSpec" name="Check Translate error for Mandatory Field Found  should return translate error" time="0.025">
                      
                    </testcase>
          <system-out><![CDATA[]]></system-out>
          <system-err><![CDATA[]]></system-err>
        </testsuite>