<?xml version='1.0' encoding='UTF-8'?>
<testsuite hostname="shashikant-Latitude-3520" name="com.knoldus.services.recommendation.RecommendationServiceSpec" tests="29" errors="0" failures="0" skipped="0" time="0.598" timestamp="2022-08-05T11:34:43">
          <properties>
      <property name="awt.toolkit" value="sun.awt.X11.XToolkit"/><property name="java.specification.version" value="11"/><property name="sun.cpu.isalist" value=""/><property name="sun.jnu.encoding" value="UTF-8"/><property name="sun.arch.data.model" value="64"/><property name="java.vendor.url" value="https://ubuntu.com/"/><property name="sun.boot.library.path" value="/usr/lib/jvm/java-11-openjdk-amd64/lib"/><property name="sun.java.command" value="/home/shashikant/.cache/sbt/boot/sbt-launch/1.7.1/sbt-launch-1.7.1.jar clean coverage test"/><property name="jdk.debug" value="release"/><property name="java.specification.vendor" value="Oracle Corporation"/><property name="java.version.date" value="2022-07-19"/><property name="java.home" value="/usr/lib/jvm/java-11-openjdk-amd64"/><property name="file.separator" value="/"/><property name="java.vm.compressedOopsMode" value="32-bit"/><property name="line.separator" value="
"/><property name="java.specification.name" value="Java Platform API Specification"/><property name="java.vm.specification.vendor" value="Oracle Corporation"/><property name="sun.management.compiler" value="HotSpot 64-Bit Tiered Compilers"/><property name="java.runtime.version" value="11.0.16+8-post-Ubuntu-0ubuntu122.04"/><property name="user.name" value="shashikant"/><property name="log4j.ignoreTCL" value="true"/><property name="file.encoding" value="UTF-8"/><property name="jnidispatch.path" value="/home/shashikant/.cache/JNA/temp/jna15371066608801603318.tmp"/><property name="jna.loaded" value="true"/><property name="java.io.tmpdir" value="/tmp"/><property name="java.version" value="11.0.16"/><property name="java.vm.specification.name" value="Java Virtual Machine Specification"/><property name="java.awt.printerjob" value="sun.print.PSPrinterJob"/><property name="sun.os.patch.level" value="unknown"/><property name="java.library.path" value="/usr/java/packages/lib:/usr/lib/x86_64-linux-gnu/jni:/lib/x86_64-linux-gnu:/usr/lib/x86_64-linux-gnu:/usr/lib/jni:/lib:/usr/lib"/><property name="java.vendor" value="Ubuntu"/><property name="scala.ext.dirs" value="/home/shashikant/.sbt/1.0/java9-rt-ext-ubuntu_11_0_16"/><property name="sun.io.unicode.encoding" value="UnicodeLittle"/><property name="sun.desktop" value="gnome"/><property name="java.class.path" value="/home/shashikant/.cache/sbt/boot/sbt-launch/1.7.1/sbt-launch-1.7.1.jar"/><property name="java.vm.vendor" value="Ubuntu"/><property name="jline.shutdownhook" value="false"/><property name="user.timezone" value="Asia/Kolkata"/><property name="os.name" value="Linux"/><property name="java.vm.specification.version" value="11"/><property name="sun.java.launcher" value="SUN_STANDARD"/><property name="user.country" value="IN"/><property name="sun.cpu.endian" value="little"/><property name="user.home" value="/home/shashikant"/><property name="user.language" value="en"/><property name="sbt.script" value="/usr/bin/sbt"/><property name="swoval.tmpdir" value="/home/shashikant/.sbt/1.0"/><property name="java.awt.graphicsenv" value="sun.awt.X11GraphicsEnvironment"/><property name="jline.esc.timeout" value="0"/><property name="path.separator" value=":"/><property name="os.version" value="5.15.0-41-generic"/><property name="jna.nosys" value="true"/><property name="java.runtime.name" value="OpenJDK Runtime Environment"/><property name="java.vm.name" value="OpenJDK 64-Bit Server VM"/><property name="jna.platform.library.path" value="/usr/lib/x86_64-linux-gnu:/lib/x86_64-linux-gnu:/usr/lib64:/lib64:/usr/lib:/lib:/lib/i386-linux-gnu:/lib/i386-linux-gnu/sse2"/><property name="java.vendor.url.bug" value="https://bugs.launchpad.net/ubuntu/+source/openjdk-lts"/><property name="user.dir" value="/home/shashikant/Desktop/knolx-service"/><property name="os.arch" value="amd64"/><property name="java.vm.info" value="mixed mode, sharing"/><property name="java.vm.version" value="11.0.16+8-post-Ubuntu-0ubuntu122.04"/><property name="java.class.version" value="55.0"/>
    </properties>
          <testcase classname="com.knoldus.services.recommendation.RecommendationServiceSpec" name="RecommendationService#addRecommendation  should Suggest Recommendation used post directive" time="0.159">
                      
                    </testcase><testcase classname="com.knoldus.services.recommendation.RecommendationServiceSpec" name="RecommendationService#getRecommendationById  should return recommendation of given id" time="0.018">
                      
                    </testcase><testcase classname="com.knoldus.services.recommendation.RecommendationServiceSpec" name="RecommendationService#getRecommendationById  should return error in getting a recommendation of given id" time="0.009">
                      
                    </testcase><testcase classname="com.knoldus.services.recommendation.RecommendationServiceSpec" name="RecommendationService#approveRecommendation should approve recommendation of given id" time="0.043">
                      
                    </testcase><testcase classname="com.knoldus.services.recommendation.RecommendationServiceSpec" name="RecommendationService#declineRecommendation should decline recommendation of given id" time="0.028">
                      
                    </testcase><testcase classname="com.knoldus.services.recommendation.RecommendationServiceSpec" name="RecommendationService#pendingRecommendation should pending recommendation of given id" time="0.035">
                      
                    </testcase><testcase classname="com.knoldus.services.recommendation.RecommendationServiceSpec" name="RecommendationService#doneRecommendation should done recommendation of given id" time="0.012">
                      
                    </testcase><testcase classname="com.knoldus.services.recommendation.RecommendationServiceSpec" name="RecommendationService#allPendingRecommendation should get all pending recommendation count by filter" time="0.012">
                      
                    </testcase><testcase classname="com.knoldus.services.recommendation.RecommendationServiceSpec" name="RecommendationService#bookRecommendation should book recommendation of given id" time="0.016">
                      
                    </testcase><testcase classname="com.knoldus.services.recommendation.RecommendationServiceSpec" name="RecommendationService#cancelBookedRecommendation should book recommendation of given id" time="0.021">
                      
                    </testcase><testcase classname="com.knoldus.services.recommendation.RecommendationServiceSpec" name="RecommendationService#getAllRecommendation  should get list of all recommendation" time="0.017">
                      
                    </testcase><testcase classname="com.knoldus.services.recommendation.RecommendationServiceSpec" name="RecommendationService#getPendingRecommendation should get all pending recommendation" time="0.034">
                      
                    </testcase><testcase classname="com.knoldus.services.recommendation.RecommendationServiceSpec" name="RecommendationService#getApproveRecommendation should get all approve recommendation" time="0.013">
                      
                    </testcase><testcase classname="com.knoldus.services.recommendation.RecommendationServiceSpec" name="RecommendationService#getDeclinedRecommendation should get all declined recommendation" time="0.015">
                      
                    </testcase><testcase classname="com.knoldus.services.recommendation.RecommendationServiceSpec" name="RecommendationService#getBookdRecommendation should get all booked recommendation" time="0.012">
                      
                    </testcase><testcase classname="com.knoldus.services.recommendation.RecommendationServiceSpec" name="RecommendationService#getDoneRecommendation should get all done recommendation" time="0.011">
                      
                    </testcase><testcase classname="com.knoldus.services.recommendation.RecommendationServiceSpec" name="RecommendationService#listRecommendation with filter all should return all recommendation" time="0.006">
                      
                    </testcase><testcase classname="com.knoldus.services.recommendation.RecommendationServiceSpec" name="RecommendationService#listRecommendation with filter pending should return pending recommendation" time="0.01">
                      
                    </testcase><testcase classname="com.knoldus.services.recommendation.RecommendationServiceSpec" name="RecommendationService#listRecommendation with filter approved should return approved recommendation" time="0.009">
                      
                    </testcase><testcase classname="com.knoldus.services.recommendation.RecommendationServiceSpec" name="RecommendationService#listRecommendation with filter declined should return declined recommendation" time="0.006">
                      
                    </testcase><testcase classname="com.knoldus.services.recommendation.RecommendationServiceSpec" name="RecommendationService#listRecommendation with filter book should return booked recommendation" time="0.008">
                      
                    </testcase><testcase classname="com.knoldus.services.recommendation.RecommendationServiceSpec" name="RecommendationService#listRecommendation with filter done should return done recommendation" time="0.007">
                      
                    </testcase><testcase classname="com.knoldus.services.recommendation.RecommendationServiceSpec" name="RecommendationService#getVote for recommendation should return vote of recommendation" time="0.011">
                      
                    </testcase><testcase classname="com.knoldus.services.recommendation.RecommendationServiceSpec" name="RecommendationService#upVote with filter alreadyVoted=true should return vote of recommendation" time="0.01">
                      
                    </testcase><testcase classname="com.knoldus.services.recommendation.RecommendationServiceSpec" name="RecommendationService#upVote with filter alreadyVoted=false should return vote of recommendation" time="0.017">
                      
                    </testcase><testcase classname="com.knoldus.services.recommendation.RecommendationServiceSpec" name="RecommendationService#downVote with filter alreadyVoted=true should return vote of recommendation" time="0.017">
                      
                    </testcase><testcase classname="com.knoldus.services.recommendation.RecommendationServiceSpec" name="RecommendationService#downVote with filter alreadyVoted=false should return vote of recommendation" time="0.017">
                      
                    </testcase><testcase classname="com.knoldus.services.recommendation.RecommendationServiceSpec" name="RecommendationService#inserting the response should return insert Response" time="0.015">
                      
                    </testcase><testcase classname="com.knoldus.services.recommendation.RecommendationServiceSpec" name="RecommendationService#inserting the response should return insert Response for none" time="0.01">
                      
                    </testcase>
          <system-out><![CDATA[]]></system-out>
          <system-err><![CDATA[]]></system-err>
        </testsuite>