<?xml version='1.0' encoding='UTF-8'?>
<testsuite hostname="shashikant-Latitude-3520" name="com.knoldus.routes.feedbackform.FeedbackFormRoutesSpec" tests="15" errors="0" failures="0" skipped="0" time="0.539" timestamp="2022-08-05T11:34:42">
          <properties>
      <property name="awt.toolkit" value="sun.awt.X11.XToolkit"/><property name="java.specification.version" value="11"/><property name="sun.cpu.isalist" value=""/><property name="sun.jnu.encoding" value="UTF-8"/><property name="sun.arch.data.model" value="64"/><property name="java.vendor.url" value="https://ubuntu.com/"/><property name="sun.boot.library.path" value="/usr/lib/jvm/java-11-openjdk-amd64/lib"/><property name="sun.java.command" value="/home/shashikant/.cache/sbt/boot/sbt-launch/1.7.1/sbt-launch-1.7.1.jar clean coverage test"/><property name="jdk.debug" value="release"/><property name="java.specification.vendor" value="Oracle Corporation"/><property name="java.version.date" value="2022-07-19"/><property name="java.home" value="/usr/lib/jvm/java-11-openjdk-amd64"/><property name="file.separator" value="/"/><property name="java.vm.compressedOopsMode" value="32-bit"/><property name="line.separator" value="
"/><property name="java.specification.name" value="Java Platform API Specification"/><property name="java.vm.specification.vendor" value="Oracle Corporation"/><property name="sun.management.compiler" value="HotSpot 64-Bit Tiered Compilers"/><property name="java.runtime.version" value="11.0.16+8-post-Ubuntu-0ubuntu122.04"/><property name="user.name" value="shashikant"/><property name="log4j.ignoreTCL" value="true"/><property name="file.encoding" value="UTF-8"/><property name="jnidispatch.path" value="/home/shashikant/.cache/JNA/temp/jna15371066608801603318.tmp"/><property name="jna.loaded" value="true"/><property name="java.io.tmpdir" value="/tmp"/><property name="java.version" value="11.0.16"/><property name="java.vm.specification.name" value="Java Virtual Machine Specification"/><property name="java.awt.printerjob" value="sun.print.PSPrinterJob"/><property name="sun.os.patch.level" value="unknown"/><property name="java.library.path" value="/usr/java/packages/lib:/usr/lib/x86_64-linux-gnu/jni:/lib/x86_64-linux-gnu:/usr/lib/x86_64-linux-gnu:/usr/lib/jni:/lib:/usr/lib"/><property name="java.vendor" value="Ubuntu"/><property name="scala.ext.dirs" value="/home/shashikant/.sbt/1.0/java9-rt-ext-ubuntu_11_0_16"/><property name="sun.io.unicode.encoding" value="UnicodeLittle"/><property name="sun.desktop" value="gnome"/><property name="java.class.path" value="/home/shashikant/.cache/sbt/boot/sbt-launch/1.7.1/sbt-launch-1.7.1.jar"/><property name="java.vm.vendor" value="Ubuntu"/><property name="jline.shutdownhook" value="false"/><property name="user.timezone" value="Asia/Kolkata"/><property name="os.name" value="Linux"/><property name="java.vm.specification.version" value="11"/><property name="sun.java.launcher" value="SUN_STANDARD"/><property name="user.country" value="IN"/><property name="sun.cpu.endian" value="little"/><property name="user.home" value="/home/shashikant"/><property name="user.language" value="en"/><property name="sbt.script" value="/usr/bin/sbt"/><property name="swoval.tmpdir" value="/home/shashikant/.sbt/1.0"/><property name="java.awt.graphicsenv" value="sun.awt.X11GraphicsEnvironment"/><property name="jline.esc.timeout" value="0"/><property name="path.separator" value=":"/><property name="os.version" value="5.15.0-41-generic"/><property name="jna.nosys" value="true"/><property name="java.runtime.name" value="OpenJDK Runtime Environment"/><property name="java.vm.name" value="OpenJDK 64-Bit Server VM"/><property name="jna.platform.library.path" value="/usr/lib/x86_64-linux-gnu:/lib/x86_64-linux-gnu:/usr/lib64:/lib64:/usr/lib:/lib:/lib/i386-linux-gnu:/lib/i386-linux-gnu/sse2"/><property name="java.vendor.url.bug" value="https://bugs.launchpad.net/ubuntu/+source/openjdk-lts"/><property name="user.dir" value="/home/shashikant/Desktop/knolx-service"/><property name="os.arch" value="amd64"/><property name="java.vm.info" value="mixed mode, sharing"/><property name="java.vm.version" value="11.0.16+8-post-Ubuntu-0ubuntu122.04"/><property name="java.class.version" value="55.0"/>
    </properties>
          <testcase classname="com.knoldus.routes.feedbackform.FeedbackFormRoutesSpec" name="POST /Create Feedbackform should create Feedbackform by post directive" time="0.064">
                      
                    </testcase><testcase classname="com.knoldus.routes.feedbackform.FeedbackFormRoutesSpec" name="POST /Create Feedbackform for error should create Feedbackform by post directive check error" time="0.037">
                      
                    </testcase><testcase classname="com.knoldus.routes.feedbackform.FeedbackFormRoutesSpec" name="DELETE /check error should return error" time="0.043">
                      
                    </testcase><testcase classname="com.knoldus.routes.feedbackform.FeedbackFormRoutesSpec" name="DELETE /status endpoint  should return current status" time="0.015">
                      
                    </testcase><testcase classname="com.knoldus.routes.feedbackform.FeedbackFormRoutesSpec" name="Put/Update Feedback endpoint should update data from feedbackform" time="0.056">
                      
                    </testcase><testcase classname="com.knoldus.routes.feedbackform.FeedbackFormRoutesSpec" name="Put/Update Feedback endpoint check error should update data from feedbackform" time="0.015">
                      
                    </testcase><testcase classname="com.knoldus.routes.feedbackform.FeedbackFormRoutesSpec" name="Get/Update Feedback endpoint should get feedbackform  to update" time="0.053">
                      
                    </testcase><testcase classname="com.knoldus.routes.feedbackform.FeedbackFormRoutesSpec" name="Get/Update Feedback endpoint to check error should check error" time="0.069">
                      
                    </testcase><testcase classname="com.knoldus.routes.feedbackform.FeedbackFormRoutesSpec" name="Get/get list of  Feedbackforms  should return created feedbackform as list" time="0.076">
                      
                    </testcase><testcase classname="com.knoldus.routes.feedbackform.FeedbackFormRoutesSpec" name="Get/get list of  Feedbackforms for sessions  should return created feedbackformas list used for sessions" time="0.027">
                      
                    </testcase><testcase classname="com.knoldus.routes.feedbackform.FeedbackFormRoutesSpec" name="Get/get list of  Feedbackforms for sessions  should return error" time="0.017">
                      
                    </testcase><testcase classname="com.knoldus.routes.feedbackform.FeedbackFormRoutesSpec" name="Get/error message for list of feedbackforms  should return error for feedbackformas list" time="0.017">
                      
                    </testcase><testcase classname="com.knoldus.routes.feedbackform.FeedbackFormRoutesSpec" name="check Translate error for FeedbackAccessDeniedError  should return translate error" time="0.013">
                      
                    </testcase><testcase classname="com.knoldus.routes.feedbackform.FeedbackFormRoutesSpec" name="check Translate error for NotFound error  should return translate error" time="0.008">
                      
                    </testcase><testcase classname="com.knoldus.routes.feedbackform.FeedbackFormRoutesSpec" name="check Translate error for BadRequest  should return translate error" time="0.029">
                      
                    </testcase>
          <system-out><![CDATA[]]></system-out>
          <system-err><![CDATA[]]></system-err>
        </testsuite>