<?xml version='1.0' encoding='UTF-8'?>
<testsuite hostname="shashikant-Latitude-3520" name="com.knoldus.routes.recommendation.RecommendationRoutesSpec" tests="33" errors="0" failures="0" skipped="0" time="1.237" timestamp="2022-08-05T11:34:41">
          <properties>
      <property name="awt.toolkit" value="sun.awt.X11.XToolkit"/><property name="java.specification.version" value="11"/><property name="sun.cpu.isalist" value=""/><property name="sun.jnu.encoding" value="UTF-8"/><property name="sun.arch.data.model" value="64"/><property name="java.vendor.url" value="https://ubuntu.com/"/><property name="sun.boot.library.path" value="/usr/lib/jvm/java-11-openjdk-amd64/lib"/><property name="sun.java.command" value="/home/shashikant/.cache/sbt/boot/sbt-launch/1.7.1/sbt-launch-1.7.1.jar clean coverage test"/><property name="jdk.debug" value="release"/><property name="java.specification.vendor" value="Oracle Corporation"/><property name="java.version.date" value="2022-07-19"/><property name="java.home" value="/usr/lib/jvm/java-11-openjdk-amd64"/><property name="file.separator" value="/"/><property name="java.vm.compressedOopsMode" value="32-bit"/><property name="line.separator" value="
"/><property name="java.specification.name" value="Java Platform API Specification"/><property name="java.vm.specification.vendor" value="Oracle Corporation"/><property name="sun.management.compiler" value="HotSpot 64-Bit Tiered Compilers"/><property name="java.runtime.version" value="11.0.16+8-post-Ubuntu-0ubuntu122.04"/><property name="user.name" value="shashikant"/><property name="log4j.ignoreTCL" value="true"/><property name="file.encoding" value="UTF-8"/><property name="jnidispatch.path" value="/home/shashikant/.cache/JNA/temp/jna15371066608801603318.tmp"/><property name="jna.loaded" value="true"/><property name="java.io.tmpdir" value="/tmp"/><property name="java.version" value="11.0.16"/><property name="java.vm.specification.name" value="Java Virtual Machine Specification"/><property name="java.awt.printerjob" value="sun.print.PSPrinterJob"/><property name="sun.os.patch.level" value="unknown"/><property name="java.library.path" value="/usr/java/packages/lib:/usr/lib/x86_64-linux-gnu/jni:/lib/x86_64-linux-gnu:/usr/lib/x86_64-linux-gnu:/usr/lib/jni:/lib:/usr/lib"/><property name="java.vendor" value="Ubuntu"/><property name="scala.ext.dirs" value="/home/shashikant/.sbt/1.0/java9-rt-ext-ubuntu_11_0_16"/><property name="sun.io.unicode.encoding" value="UnicodeLittle"/><property name="sun.desktop" value="gnome"/><property name="java.class.path" value="/home/shashikant/.cache/sbt/boot/sbt-launch/1.7.1/sbt-launch-1.7.1.jar"/><property name="java.vm.vendor" value="Ubuntu"/><property name="jline.shutdownhook" value="false"/><property name="user.timezone" value="Asia/Kolkata"/><property name="os.name" value="Linux"/><property name="java.vm.specification.version" value="11"/><property name="sun.java.launcher" value="SUN_STANDARD"/><property name="user.country" value="IN"/><property name="sun.cpu.endian" value="little"/><property name="user.home" value="/home/shashikant"/><property name="user.language" value="en"/><property name="sbt.script" value="/usr/bin/sbt"/><property name="swoval.tmpdir" value="/home/shashikant/.sbt/1.0"/><property name="java.awt.graphicsenv" value="sun.awt.X11GraphicsEnvironment"/><property name="jline.esc.timeout" value="0"/><property name="path.separator" value=":"/><property name="os.version" value="5.15.0-41-generic"/><property name="jna.nosys" value="true"/><property name="java.runtime.name" value="OpenJDK Runtime Environment"/><property name="java.vm.name" value="OpenJDK 64-Bit Server VM"/><property name="jna.platform.library.path" value="/usr/lib/x86_64-linux-gnu:/lib/x86_64-linux-gnu:/usr/lib64:/lib64:/usr/lib:/lib:/lib/i386-linux-gnu:/lib/i386-linux-gnu/sse2"/><property name="java.vendor.url.bug" value="https://bugs.launchpad.net/ubuntu/+source/openjdk-lts"/><property name="user.dir" value="/home/shashikant/Desktop/knolx-service"/><property name="os.arch" value="amd64"/><property name="java.vm.info" value="mixed mode, sharing"/><property name="java.vm.version" value="11.0.16+8-post-Ubuntu-0ubuntu122.04"/><property name="java.class.version" value="55.0"/>
    </properties>
          <testcase classname="com.knoldus.routes.recommendation.RecommendationRoutesSpec" name="POST /add Recommendation should suggest Recommendation by post directive" time="0.329">
                      
                    </testcase><testcase classname="com.knoldus.routes.recommendation.RecommendationRoutesSpec" name="POST /add Recommendation for Error should suggest Recommendation by post directive for error" time="0.038">
                      
                    </testcase><testcase classname="com.knoldus.routes.recommendation.RecommendationRoutesSpec" name="GET /get recommendation  should return recommendation" time="0.032">
                      
                    </testcase><testcase classname="com.knoldus.routes.recommendation.RecommendationRoutesSpec" name="GET /get recommendation error should return recommendation error" time="0.026">
                      
                    </testcase><testcase classname="com.knoldus.routes.recommendation.RecommendationRoutesSpec" name="POST /approve recommendation endpoints should return current status" time="0.049">
                      
                    </testcase><testcase classname="com.knoldus.routes.recommendation.RecommendationRoutesSpec" name="POST /approve recommendation for error should return error" time="0.017">
                      
                    </testcase><testcase classname="com.knoldus.routes.recommendation.RecommendationRoutesSpec" name="POST /decline recommendation endpoints should return current status" time="0.028">
                      
                    </testcase><testcase classname="com.knoldus.routes.recommendation.RecommendationRoutesSpec" name="POST /decline recommendation endpoints should return error while declining recommendation" time="0.017">
                      
                    </testcase><testcase classname="com.knoldus.routes.recommendation.RecommendationRoutesSpec" name="POST /approving recommendation for error should return error" time="0.067">
                      
                    </testcase><testcase classname="com.knoldus.routes.recommendation.RecommendationRoutesSpec" name="POST /pending recommendation endpoints should return current status" time="0.029">
                      
                    </testcase><testcase classname="com.knoldus.routes.recommendation.RecommendationRoutesSpec" name="POST /pending recommendation for error should return error" time="0.031">
                      
                    </testcase><testcase classname="com.knoldus.routes.recommendation.RecommendationRoutesSpec" name="POST /done recommendation endpoints should return current status" time="0.016">
                      
                    </testcase><testcase classname="com.knoldus.routes.recommendation.RecommendationRoutesSpec" name="POST /done recommendation for error should return error" time="0.045">
                      
                    </testcase><testcase classname="com.knoldus.routes.recommendation.RecommendationRoutesSpec" name="GET /all-pending-recommendation status endpoint  should return current status" time="0.028">
                      
                    </testcase><testcase classname="com.knoldus.routes.recommendation.RecommendationRoutesSpec" name="Get/error message for all-pending-recommendation  should return error for all-pending-recommendation" time="0.01">
                      
                    </testcase><testcase classname="com.knoldus.routes.recommendation.RecommendationRoutesSpec" name="POST /book-recommendation endpoints should return current status" time="0.034">
                      
                    </testcase><testcase classname="com.knoldus.routes.recommendation.RecommendationRoutesSpec" name="POST /book-ecommendation for error should return error" time="0.02">
                      
                    </testcase><testcase classname="com.knoldus.routes.recommendation.RecommendationRoutesSpec" name="POST /cancel-booked-recommendation endpoints should return current status" time="0.028">
                      
                    </testcase><testcase classname="com.knoldus.routes.recommendation.RecommendationRoutesSpec" name="POST /cancel-booked-recommendation for error should return error" time="0.033">
                      
                    </testcase><testcase classname="com.knoldus.routes.recommendation.RecommendationRoutesSpec" name="Get/all recommendation should list all recommendation" time="0.018">
                      
                    </testcase><testcase classname="com.knoldus.routes.recommendation.RecommendationRoutesSpec" name="Get/all recommendation endpoint for error should list all recommendation" time="0.02">
                      
                    </testcase><testcase classname="com.knoldus.routes.recommendation.RecommendationRoutesSpec" name="Get/getVote rest endpoint status   should return current status" time="0.026">
                      
                    </testcase><testcase classname="com.knoldus.routes.recommendation.RecommendationRoutesSpec" name="Get/getVote rest endpoint status   should return error status" time="0.038">
                      
                    </testcase><testcase classname="com.knoldus.routes.recommendation.RecommendationRoutesSpec" name="Put /upVote rest endpoint status   should return current status" time="0.032">
                      
                    </testcase><testcase classname="com.knoldus.routes.recommendation.RecommendationRoutesSpec" name="Put /upVote rest endpoint status   should return error status" time="0.017">
                      
                    </testcase><testcase classname="com.knoldus.routes.recommendation.RecommendationRoutesSpec" name="Get/downVote rest endpoint status   should return current status" time="0.035">
                      
                    </testcase><testcase classname="com.knoldus.routes.recommendation.RecommendationRoutesSpec" name="Get/downVote rest endpoint status   should return error status" time="0.025">
                      
                    </testcase><testcase classname="com.knoldus.routes.recommendation.RecommendationRoutesSpec" name="Post/updatevote rest endpoint status   should return error status" time="0.039">
                      
                    </testcase><testcase classname="com.knoldus.routes.recommendation.RecommendationRoutesSpec" name="Post/updatevote rest endpoint status   should return result" time="0.025">
                      
                    </testcase><testcase classname="com.knoldus.routes.recommendation.RecommendationRoutesSpec" name="check Translate error for RecommendationError  should return translate error" time="0.026">
                      
                    </testcase><testcase classname="com.knoldus.routes.recommendation.RecommendationRoutesSpec" name="check Translate error for InvalidRecommendation  should return translate error" time="0.009">
                      
                    </testcase><testcase classname="com.knoldus.routes.recommendation.RecommendationRoutesSpec" name="check Translate error for RecommendationAccessDeniedError  should return translate error" time="0.007">
                      
                    </testcase><testcase classname="com.knoldus.routes.recommendation.RecommendationRoutesSpec" name="check Translate error for RecommendationNotFoundError  should return translate error" time="0.043">
                      
                    </testcase>
          <system-out><![CDATA[]]></system-out>
          <system-err><![CDATA[]]></system-err>
        </testsuite>