<?xml version='1.0' encoding='UTF-8'?>
<testsuite hostname="shashikant-Latitude-3520" name="com.knoldus.services.session.NewSessionServiceSpec" tests="21" errors="0" failures="0" skipped="0" time="3.929" timestamp="2022-08-05T11:34:37">
          <properties>
      <property name="awt.toolkit" value="sun.awt.X11.XToolkit"/><property name="java.specification.version" value="11"/><property name="sun.cpu.isalist" value=""/><property name="sun.jnu.encoding" value="UTF-8"/><property name="sun.arch.data.model" value="64"/><property name="java.vendor.url" value="https://ubuntu.com/"/><property name="sun.boot.library.path" value="/usr/lib/jvm/java-11-openjdk-amd64/lib"/><property name="sun.java.command" value="/home/shashikant/.cache/sbt/boot/sbt-launch/1.7.1/sbt-launch-1.7.1.jar clean coverage test"/><property name="jdk.debug" value="release"/><property name="java.specification.vendor" value="Oracle Corporation"/><property name="java.version.date" value="2022-07-19"/><property name="java.home" value="/usr/lib/jvm/java-11-openjdk-amd64"/><property name="file.separator" value="/"/><property name="java.vm.compressedOopsMode" value="32-bit"/><property name="line.separator" value="
"/><property name="java.specification.name" value="Java Platform API Specification"/><property name="java.vm.specification.vendor" value="Oracle Corporation"/><property name="sun.management.compiler" value="HotSpot 64-Bit Tiered Compilers"/><property name="java.runtime.version" value="11.0.16+8-post-Ubuntu-0ubuntu122.04"/><property name="user.name" value="shashikant"/><property name="log4j.ignoreTCL" value="true"/><property name="file.encoding" value="UTF-8"/><property name="jnidispatch.path" value="/home/shashikant/.cache/JNA/temp/jna15371066608801603318.tmp"/><property name="jna.loaded" value="true"/><property name="java.io.tmpdir" value="/tmp"/><property name="java.version" value="11.0.16"/><property name="java.vm.specification.name" value="Java Virtual Machine Specification"/><property name="java.awt.printerjob" value="sun.print.PSPrinterJob"/><property name="sun.os.patch.level" value="unknown"/><property name="java.library.path" value="/usr/java/packages/lib:/usr/lib/x86_64-linux-gnu/jni:/lib/x86_64-linux-gnu:/usr/lib/x86_64-linux-gnu:/usr/lib/jni:/lib:/usr/lib"/><property name="java.vendor" value="Ubuntu"/><property name="scala.ext.dirs" value="/home/shashikant/.sbt/1.0/java9-rt-ext-ubuntu_11_0_16"/><property name="sun.io.unicode.encoding" value="UnicodeLittle"/><property name="sun.desktop" value="gnome"/><property name="java.class.path" value="/home/shashikant/.cache/sbt/boot/sbt-launch/1.7.1/sbt-launch-1.7.1.jar"/><property name="java.vm.vendor" value="Ubuntu"/><property name="jline.shutdownhook" value="false"/><property name="user.timezone" value="Asia/Kolkata"/><property name="os.name" value="Linux"/><property name="java.vm.specification.version" value="11"/><property name="sun.java.launcher" value="SUN_STANDARD"/><property name="user.country" value="IN"/><property name="sun.cpu.endian" value="little"/><property name="user.home" value="/home/shashikant"/><property name="user.language" value="en"/><property name="sbt.script" value="/usr/bin/sbt"/><property name="swoval.tmpdir" value="/home/shashikant/.sbt/1.0"/><property name="java.awt.graphicsenv" value="sun.awt.X11GraphicsEnvironment"/><property name="jline.esc.timeout" value="0"/><property name="path.separator" value=":"/><property name="os.version" value="5.15.0-41-generic"/><property name="jna.nosys" value="true"/><property name="java.runtime.name" value="OpenJDK Runtime Environment"/><property name="java.vm.name" value="OpenJDK 64-Bit Server VM"/><property name="jna.platform.library.path" value="/usr/lib/x86_64-linux-gnu:/lib/x86_64-linux-gnu:/usr/lib64:/lib64:/usr/lib:/lib:/lib/i386-linux-gnu:/lib/i386-linux-gnu/sse2"/><property name="java.vendor.url.bug" value="https://bugs.launchpad.net/ubuntu/+source/openjdk-lts"/><property name="user.dir" value="/home/shashikant/Desktop/knolx-service"/><property name="os.arch" value="amd64"/><property name="java.vm.info" value="mixed mode, sharing"/><property name="java.vm.version" value="11.0.16+8-post-Ubuntu-0ubuntu122.04"/><property name="java.class.version" value="55.0"/>
    </properties>
          <testcase classname="com.knoldus.services.session.NewSessionServiceSpec" name="NewSessionService#getApprovedSessions should return upcoming approved sessions" time="2.374">
                      
                    </testcase><testcase classname="com.knoldus.services.session.NewSessionServiceSpec" name="NewSessionService#getApprovedSessions should return error" time="0.096">
                      
                    </testcase><testcase classname="com.knoldus.services.session.NewSessionServiceSpec" name="NewSessionService#getRequestedSessions should return sessions pending for approval" time="0.191">
                      
                    </testcase><testcase classname="com.knoldus.services.session.NewSessionServiceSpec" name="NewSessionService#getRequestedSessions should return error" time="0.064">
                      
                    </testcase><testcase classname="com.knoldus.services.session.NewSessionServiceSpec" name="NewSessionService#fetchSessionTags should return matching tags" time="0.114">
                      
                    </testcase><testcase classname="com.knoldus.services.session.NewSessionServiceSpec" name="NewSessionService#fetchSessionTags should return error" time="0.05">
                      
                    </testcase><testcase classname="com.knoldus.services.session.NewSessionServiceSpec" name="NewSessionService#getSessions should return upcoming sessions" time="0.162">
                      
                    </testcase><testcase classname="com.knoldus.services.session.NewSessionServiceSpec" name="NewSessionService#getSessions should return past sessions" time="0.035">
                      
                    </testcase><testcase classname="com.knoldus.services.session.NewSessionServiceSpec" name="NewSessionService#getUserSessions should return user upcoming sessions" time="0.018">
                      
                    </testcase><testcase classname="com.knoldus.services.session.NewSessionServiceSpec" name="NewSessionService#getUserSessions should return user past sessions" time="0.243">
                      
                    </testcase><testcase classname="com.knoldus.services.session.NewSessionServiceSpec" name="NewSessionService#getUserSessions should return error" time="0.07">
                      
                    </testcase><testcase classname="com.knoldus.services.session.NewSessionServiceSpec" name="NewSessionService#bookSession should return booked session" time="0.095">
                      
                    </testcase><testcase classname="com.knoldus.services.session.NewSessionServiceSpec" name="NewSessionService#bookSession should return mandatory field not found error" time="0.087">
                      
                    </testcase><testcase classname="com.knoldus.services.session.NewSessionServiceSpec" name="NewSessionService#bookSession should return error" time="0.051">
                      
                    </testcase><testcase classname="com.knoldus.services.session.NewSessionServiceSpec" name="NewSessionService#bookSession should NewSessionService#GetSessionbyId should return session by Id" time="0.045">
                      
                    </testcase><testcase classname="com.knoldus.services.session.NewSessionServiceSpec" name="NewSessionService#bookSession should NewSessionService#GetSessionbyId should return error department by Id" time="0.028">
                      
                    </testcase><testcase classname="com.knoldus.services.session.NewSessionServiceSpec" name="NewSessionService#UpdateSession should give updated session" time="0.053">
                      
                    </testcase><testcase classname="com.knoldus.services.session.NewSessionServiceSpec" name="NewSessionService#UpdateSession should return session not found error" time="0.036">
                      
                    </testcase><testcase classname="com.knoldus.services.session.NewSessionServiceSpec" name="Update users session should give session with updated details" time="0.027">
                      
                    </testcase><testcase classname="com.knoldus.services.session.NewSessionServiceSpec" name="Update users session should give session with single updated details" time="0.05">
                      
                    </testcase><testcase classname="com.knoldus.services.session.NewSessionServiceSpec" name="Update users session should return session not found error" time="0.04">
                      
                    </testcase>
          <system-out><![CDATA[]]></system-out>
          <system-err><![CDATA[]]></system-err>
        </testsuite>