<?xml version='1.0' encoding='UTF-8'?>
<testsuite hostname="shashikant-Latitude-3520" name="com.knoldus.services.usermanagemant.UserManagementServiceSpec" tests="36" errors="0" failures="0" skipped="0" time="0.712" timestamp="2022-08-05T11:34:42">
          <properties>
      <property name="awt.toolkit" value="sun.awt.X11.XToolkit"/><property name="java.specification.version" value="11"/><property name="sun.cpu.isalist" value=""/><property name="sun.jnu.encoding" value="UTF-8"/><property name="sun.arch.data.model" value="64"/><property name="java.vendor.url" value="https://ubuntu.com/"/><property name="sun.boot.library.path" value="/usr/lib/jvm/java-11-openjdk-amd64/lib"/><property name="sun.java.command" value="/home/shashikant/.cache/sbt/boot/sbt-launch/1.7.1/sbt-launch-1.7.1.jar clean coverage test"/><property name="jdk.debug" value="release"/><property name="java.specification.vendor" value="Oracle Corporation"/><property name="java.version.date" value="2022-07-19"/><property name="java.home" value="/usr/lib/jvm/java-11-openjdk-amd64"/><property name="file.separator" value="/"/><property name="java.vm.compressedOopsMode" value="32-bit"/><property name="line.separator" value="
"/><property name="java.specification.name" value="Java Platform API Specification"/><property name="java.vm.specification.vendor" value="Oracle Corporation"/><property name="sun.management.compiler" value="HotSpot 64-Bit Tiered Compilers"/><property name="java.runtime.version" value="11.0.16+8-post-Ubuntu-0ubuntu122.04"/><property name="user.name" value="shashikant"/><property name="log4j.ignoreTCL" value="true"/><property name="file.encoding" value="UTF-8"/><property name="jnidispatch.path" value="/home/shashikant/.cache/JNA/temp/jna15371066608801603318.tmp"/><property name="jna.loaded" value="true"/><property name="java.io.tmpdir" value="/tmp"/><property name="java.version" value="11.0.16"/><property name="java.vm.specification.name" value="Java Virtual Machine Specification"/><property name="java.awt.printerjob" value="sun.print.PSPrinterJob"/><property name="sun.os.patch.level" value="unknown"/><property name="java.library.path" value="/usr/java/packages/lib:/usr/lib/x86_64-linux-gnu/jni:/lib/x86_64-linux-gnu:/usr/lib/x86_64-linux-gnu:/usr/lib/jni:/lib:/usr/lib"/><property name="java.vendor" value="Ubuntu"/><property name="scala.ext.dirs" value="/home/shashikant/.sbt/1.0/java9-rt-ext-ubuntu_11_0_16"/><property name="sun.io.unicode.encoding" value="UnicodeLittle"/><property name="sun.desktop" value="gnome"/><property name="java.class.path" value="/home/shashikant/.cache/sbt/boot/sbt-launch/1.7.1/sbt-launch-1.7.1.jar"/><property name="java.vm.vendor" value="Ubuntu"/><property name="jline.shutdownhook" value="false"/><property name="user.timezone" value="Asia/Kolkata"/><property name="os.name" value="Linux"/><property name="java.vm.specification.version" value="11"/><property name="sun.java.launcher" value="SUN_STANDARD"/><property name="user.country" value="IN"/><property name="sun.cpu.endian" value="little"/><property name="user.home" value="/home/shashikant"/><property name="user.language" value="en"/><property name="sbt.script" value="/usr/bin/sbt"/><property name="swoval.tmpdir" value="/home/shashikant/.sbt/1.0"/><property name="java.awt.graphicsenv" value="sun.awt.X11GraphicsEnvironment"/><property name="jline.esc.timeout" value="0"/><property name="path.separator" value=":"/><property name="os.version" value="5.15.0-41-generic"/><property name="jna.nosys" value="true"/><property name="java.runtime.name" value="OpenJDK Runtime Environment"/><property name="java.vm.name" value="OpenJDK 64-Bit Server VM"/><property name="jna.platform.library.path" value="/usr/lib/x86_64-linux-gnu:/lib/x86_64-linux-gnu:/usr/lib64:/lib64:/usr/lib:/lib:/lib/i386-linux-gnu:/lib/i386-linux-gnu/sse2"/><property name="java.vendor.url.bug" value="https://bugs.launchpad.net/ubuntu/+source/openjdk-lts"/><property name="user.dir" value="/home/shashikant/Desktop/knolx-service"/><property name="os.arch" value="amd64"/><property name="java.vm.info" value="mixed mode, sharing"/><property name="java.vm.version" value="11.0.16+8-post-Ubuntu-0ubuntu122.04"/><property name="java.class.version" value="55.0"/>
    </properties>
          <testcase classname="com.knoldus.services.usermanagemant.UserManagementServiceSpec" name="UserManagementService#delete user should return error" time="0.03">
                      
                    </testcase><testcase classname="com.knoldus.services.usermanagemant.UserManagementServiceSpec" name="UserManagementService#delete user should delete user" time="0.012">
                      
                    </testcase><testcase classname="com.knoldus.services.usermanagemant.UserManagementServiceSpec" name="UserManagementService#delete user should not delete if user is not admin or superadmin" time="0.027">
                      
                    </testcase><testcase classname="com.knoldus.services.usermanagemant.UserManagementServiceSpec" name="UserManagementService#update user should return error" time="0.019">
                      
                    </testcase><testcase classname="com.knoldus.services.usermanagemant.UserManagementServiceSpec" name="UserManagementService#update user should return error in updating user status" time="0.007">
                      
                    </testcase><testcase classname="com.knoldus.services.usermanagemant.UserManagementServiceSpec" name="UserManagementService#update user should update user when password not given and user not banned" time="0.078">
                      
                    </testcase><testcase classname="com.knoldus.services.usermanagemant.UserManagementServiceSpec" name="UserManagementService#update user should update user when password not given and user are banned" time="0.014">
                      
                    </testcase><testcase classname="com.knoldus.services.usermanagemant.UserManagementServiceSpec" name="UserManagementService#update user should update user when password is given and user is banned" time="0.011">
                      
                    </testcase><testcase classname="com.knoldus.services.usermanagemant.UserManagementServiceSpec" name="UserManagementService#update user should update user when password is given and not banned" time="0.017">
                      
                    </testcase><testcase classname="com.knoldus.services.usermanagemant.UserManagementServiceSpec" name="UserManagementService#update user department should return error" time="0.016">
                      
                    </testcase><testcase classname="com.knoldus.services.usermanagemant.UserManagementServiceSpec" name="UserManagementService#update user department should update user when password not given and user not banned" time="0.012">
                      
                    </testcase><testcase classname="com.knoldus.services.usermanagemant.UserManagementServiceSpec" name="UserManagementService#search users should search user for all when email provided" time="0.016">
                      
                    </testcase><testcase classname="com.knoldus.services.usermanagemant.UserManagementServiceSpec" name="UserManagementService#search users should search user for banned when email provided" time="0.034">
                      
                    </testcase><testcase classname="com.knoldus.services.usermanagemant.UserManagementServiceSpec" name="UserManagementService#search users should search user for allowed when email provided" time="0.022">
                      
                    </testcase><testcase classname="com.knoldus.services.usermanagemant.UserManagementServiceSpec" name="UserManagementService#search users should search user for active when email provided" time="0.023">
                      
                    </testcase><testcase classname="com.knoldus.services.usermanagemant.UserManagementServiceSpec" name="UserManagementService#search users should search user for suspended when email provided" time="0.013">
                      
                    </testcase><testcase classname="com.knoldus.services.usermanagemant.UserManagementServiceSpec" name="UserManagementService#search users should search all users when email not provided" time="0.017">
                      
                    </testcase><testcase classname="com.knoldus.services.usermanagemant.UserManagementServiceSpec" name="UserManagementService#search users should search banned users when email not provided" time="0.029">
                      
                    </testcase><testcase classname="com.knoldus.services.usermanagemant.UserManagementServiceSpec" name="UserManagementService#search users should search allowed users when email not provided" time="0.056">
                      
                    </testcase><testcase classname="com.knoldus.services.usermanagemant.UserManagementServiceSpec" name="UserManagementService#search users should search active users when email not provided" time="0.016">
                      
                    </testcase><testcase classname="com.knoldus.services.usermanagemant.UserManagementServiceSpec" name="UserManagementService#search users should search suspended users when email not provided" time="0.011">
                      
                    </testcase><testcase classname="com.knoldus.services.usermanagemant.UserManagementServiceSpec" name="UserManagementService#search users should return error" time="0.008">
                      
                    </testcase><testcase classname="com.knoldus.services.usermanagemant.UserManagementServiceSpec" name="UserManagementService#get user status should return error" time="0.01">
                      
                    </testcase><testcase classname="com.knoldus.services.usermanagemant.UserManagementServiceSpec" name="UserManagementService#get user status should get user's status" time="0.02">
                      
                    </testcase><testcase classname="com.knoldus.services.usermanagemant.UserManagementServiceSpec" name="UserManagementService#get user status should not get user's status if user is not admin or superuser" time="0.01">
                      
                    </testcase><testcase classname="com.knoldus.services.usermanagemant.UserManagementServiceSpec" name="UserManagementService#get user list should get user's list when email not provided" time="0.045">
                      
                    </testcase><testcase classname="com.knoldus.services.usermanagemant.UserManagementServiceSpec" name="UserManagementService#get user list should get user's list when email provided" time="0.024">
                      
                    </testcase><testcase classname="com.knoldus.services.usermanagemant.UserManagementServiceSpec" name="UserManagementService#getActiveAndUnBannedEmails users should return get Active And UnBanned Emails" time="0.012">
                      
                    </testcase><testcase classname="com.knoldus.services.usermanagemant.UserManagementServiceSpec" name="UserManagementService#getActiveAndUnBannedEmails users should return error in get Active And UnBanned Emails" time="0.026">
                      
                    </testcase><testcase classname="com.knoldus.services.usermanagemant.UserManagementServiceSpec" name="UserManagementService#getUserInformationByEmail users should return user Information by mail" time="0.008">
                      
                    </testcase><testcase classname="com.knoldus.services.usermanagemant.UserManagementServiceSpec" name="UserManagementService#getUserInformationByEmail users should return error in user Information by mail" time="0.009">
                      
                    </testcase><testcase classname="com.knoldus.services.usermanagemant.UserManagementServiceSpec" name="UserManagementService change participant status should return update user status" time="0.015">
                      
                    </testcase><testcase classname="com.knoldus.services.usermanagemant.UserManagementServiceSpec" name="UserManagementService change participant status should return error update user status" time="0.008">
                      
                    </testcase><testcase classname="com.knoldus.services.usermanagemant.UserManagementServiceSpec" name="UserManagementService change participant status should return error for unauthorised User" time="0.014">
                      
                    </testcase><testcase classname="com.knoldus.services.usermanagemant.UserManagementServiceSpec" name="UserManagementService#banUser users should return error update ban user" time="0.012">
                      
                    </testcase><testcase classname="com.knoldus.services.usermanagemant.UserManagementServiceSpec" name="UserManagementService#banUser users should return update ban user" time="0.011">
                      
                    </testcase>
          <system-out><![CDATA[]]></system-out>
          <system-err><![CDATA[]]></system-err>
        </testsuite>